<?xml version="1.0" encoding="UTF-8"?>
<!-- Generated by org.testng.reporters.JUnitReportReporter -->
<testsuite hostname="ATMECSINDT-049" name="com.atmecs.com.atmecs.ReportCreator.TestClass" tests="4" failures="0" timestamp="13 Aug 2014 12:35:58 GMT" time="0.061" errors="0">
  <testcase name="test2" time="0.057" classname="com.atmecs.com.atmecs.ReportCreator.TestClass"/>
  <testcase name="test3" time="0.002" classname="com.atmecs.com.atmecs.ReportCreator.TestClass"/>
  <testcase name="testmethod" time="0.001" classname="com.atmecs.com.atmecs.ReportCreator.TestClass"/>
  <testcase name="test4" time="0.001" classname="com.atmecs.com.atmecs.ReportCreator.TestClass"/>
</testsuite> <!-- com.atmecs.com.atmecs.ReportCreator.TestClass -->
